
*** Running vivado
    with args -log design_4_adpt_out_0_0.vds -m64 -product Vivado -mode batch -messageDb vivado.pb -notrace -source design_4_adpt_out_0_0.tcl



****** Vivado v2024.2 (64-bit)
  **** SW Build 5239630 on Fri Nov 08 22:35:27 MST 2024
  **** IP Build 5239520 on Sun Nov 10 16:12:51 MST 2024
  **** SharedData Build 5239561 on Fri Nov 08 14:39:27 MST 2024
  **** Start of session at: Sat Mar  8 17:19:19 2025
    ** Copyright 1986-2022 Xilinx, Inc. All Rights Reserved.
    ** Copyright 2022-2024 Advanced Micro Devices, Inc. All Rights Reserved.

source design_4_adpt_out_0_0.tcl -notrace
INFO: [IP_Flow 19-234] Refreshing IP repositories
INFO: [IP_Flow 19-1700] Loaded user IP repository 'd:/ip_repo'.
INFO: [IP_Flow 19-2313] Loaded Vivado IP repository 'D:/Vivado/2024.2/data/ip'.
Command: synth_design -top design_4_adpt_out_0_0 -part xc7z020clg400-1 -incremental_mode off -mode out_of_context
Starting synth_design
Attempting to get a license for feature 'Synthesis' and/or device 'xc7z020'
INFO: [Common 17-349] Got license for feature 'Synthesis' and/or device 'xc7z020'
INFO: [Device 21-403] Loading part xc7z020clg400-1
INFO: [Synth 8-7079] Multithreading enabled for synth_design using a maximum of 2 processes.
INFO: [Synth 8-7078] Launching helper process for spawning children vivado processes
INFO: [Synth 8-7075] Helper process launched with PID 19128
---------------------------------------------------------------------------------
Starting RTL Elaboration : Time (s): cpu = 00:00:07 ; elapsed = 00:00:14 . Memory (MB): peak = 1081.656 ; gain = 468.395
---------------------------------------------------------------------------------
INFO: [Synth 8-6157] synthesizing module 'design_4_adpt_out_0_0' [d:/lab4_4/design_4/ip/design_4_adpt_out_0_0/synth/design_4_adpt_out_0_0.v:53]
INFO: [Synth 8-6157] synthesizing module 'adpt_out' [D:/lab4_4/exp4_source.v:16]
INFO: [Synth 8-6155] done synthesizing module 'adpt_out' (0#1) [D:/lab4_4/exp4_source.v:16]
INFO: [Synth 8-6155] done synthesizing module 'design_4_adpt_out_0_0' (0#1) [d:/lab4_4/design_4/ip/design_4_adpt_out_0_0/synth/design_4_adpt_out_0_0.v:53]
---------------------------------------------------------------------------------
Finished RTL Elaboration : Time (s): cpu = 00:00:08 ; elapsed = 00:00:27 . Memory (MB): peak = 1190.383 ; gain = 577.121
---------------------------------------------------------------------------------
---------------------------------------------------------------------------------
Start Handling Custom Attributes
---------------------------------------------------------------------------------
---------------------------------------------------------------------------------
Finished Handling Custom Attributes : Time (s): cpu = 00:00:08 ; elapsed = 00:00:28 . Memory (MB): peak = 1190.383 ; gain = 577.121
---------------------------------------------------------------------------------
---------------------------------------------------------------------------------
Finished RTL Optimization Phase 1 : Time (s): cpu = 00:00:08 ; elapsed = 00:00:28 . Memory (MB): peak = 1190.383 ; gain = 577.121
---------------------------------------------------------------------------------
Netlist sorting complete. Time (s): cpu = 00:00:00 ; elapsed = 00:00:00.078 . Memory (MB): peak = 1190.383 ; gain = 0.000
INFO: [Project 1-570] Preparing netlist for logic optimization

Processing XDC Constraints
Initializing timing engine
Completed Processing XDC Constraints

Netlist sorting complete. Time (s): cpu = 00:00:00 ; elapsed = 00:00:00 . Memory (MB): peak = 1193.434 ; gain = 0.000
INFO: [Project 1-111] Unisim Transformation Summary:
No Unisim elements were transformed.

Constraint Validation Runtime : Time (s): cpu = 00:00:00 ; elapsed = 00:00:02 . Memory (MB): peak = 1194.461 ; gain = 1.027
INFO: [Designutils 20-5008] Incremental synthesis strategy off
---------------------------------------------------------------------------------
Finished Constraint Validation : Time (s): cpu = 00:00:15 ; elapsed = 00:00:56 . Memory (MB): peak = 1194.461 ; gain = 581.199
---------------------------------------------------------------------------------
---------------------------------------------------------------------------------
Start Loading Part and Timing Information
---------------------------------------------------------------------------------
Loading part: xc7z020clg400-1
---------------------------------------------------------------------------------
Finished Loading Part and Timing Information : Time (s): cpu = 00:00:15 ; elapsed = 00:00:56 . Memory (MB): peak = 1194.461 ; gain = 581.199
---------------------------------------------------------------------------------
---------------------------------------------------------------------------------
Start Applying 'set_property' XDC Constraints
---------------------------------------------------------------------------------
---------------------------------------------------------------------------------
Finished applying 'set_property' XDC Constraints : Time (s): cpu = 00:00:15 ; elapsed = 00:00:57 . Memory (MB): peak = 1194.461 ; gain = 581.199
---------------------------------------------------------------------------------
---------------------------------------------------------------------------------
Finished RTL Optimization Phase 2 : Time (s): cpu = 00:00:15 ; elapsed = 00:01:02 . Memory (MB): peak = 1194.461 ; gain = 581.199
---------------------------------------------------------------------------------
---------------------------------------------------------------------------------
Start RTL Component Statistics 
---------------------------------------------------------------------------------
Detailed RTL Component Info : 
---------------------------------------------------------------------------------
Finished RTL Component Statistics 
---------------------------------------------------------------------------------
---------------------------------------------------------------------------------
Start Part Resource Summary
---------------------------------------------------------------------------------
Part Resources:
DSPs: 220 (col length:60)
BRAMs: 280 (col length: RAMB18 60 RAMB36 30)
---------------------------------------------------------------------------------
Finished Part Resource Summary
---------------------------------------------------------------------------------
---------------------------------------------------------------------------------
Start Cross Boundary and Area Optimization
---------------------------------------------------------------------------------
WARNING: [Synth 8-7080] Parallel synthesis criteria is not met
INFO: [Synth 8-3917] design design_4_adpt_out_0_0 has port led[31] driven by constant 1
INFO: [Synth 8-3917] design design_4_adpt_out_0_0 has port led[30] driven by constant 1
INFO: [Synth 8-3917] design design_4_adpt_out_0_0 has port led[29] driven by constant 1
INFO: [Synth 8-3917] design design_4_adpt_out_0_0 has port led[28] driven by constant 1
INFO: [Synth 8-3917] design design_4_adpt_out_0_0 has port led[27] driven by constant 1
INFO: [Synth 8-3917] design design_4_adpt_out_0_0 has port led[26] driven by constant 1
INFO: [Synth 8-3917] design design_4_adpt_out_0_0 has port led[25] driven by constant 1
INFO: [Synth 8-3917] design design_4_adpt_out_0_0 has port led[24] driven by constant 1
INFO: [Synth 8-3917] design design_4_adpt_out_0_0 has port led[23] driven by constant 1
INFO: [Synth 8-3917] design design_4_adpt_out_0_0 has port led[22] driven by constant 1
INFO: [Synth 8-3917] design design_4_adpt_out_0_0 has port led[21] driven by constant 1
INFO: [Synth 8-3917] design design_4_adpt_out_0_0 has port led[20] driven by constant 1
INFO: [Synth 8-3917] design design_4_adpt_out_0_0 has port led[19] driven by constant 1
INFO: [Synth 8-3917] design design_4_adpt_out_0_0 has port led[18] driven by constant 1
INFO: [Synth 8-3917] design design_4_adpt_out_0_0 has port led[17] driven by constant 1
INFO: [Synth 8-3917] design design_4_adpt_out_0_0 has port led[16] driven by constant 1
INFO: [Synth 8-3917] design design_4_adpt_out_0_0 has port led[15] driven by constant 1
INFO: [Synth 8-3917] design design_4_adpt_out_0_0 has port led[14] driven by constant 1
INFO: [Synth 8-3917] design design_4_adpt_out_0_0 has port led[13] driven by constant 1
INFO: [Synth 8-3917] design design_4_adpt_out_0_0 has port led[12] driven by constant 1
INFO: [Synth 8-3917] design design_4_adpt_out_0_0 has port led[11] driven by constant 1
INFO: [Synth 8-3917] design design_4_adpt_out_0_0 has port led[10] driven by constant 1
INFO: [Synth 8-3917] design design_4_adpt_out_0_0 has port led[9] driven by constant 1
INFO: [Synth 8-3917] design design_4_adpt_out_0_0 has port led[8] driven by constant 1
INFO: [Synth 8-3917] design design_4_adpt_out_0_0 has port led[7] driven by constant 1
INFO: [Synth 8-3917] design design_4_adpt_out_0_0 has port led[6] driven by constant 1
INFO: [Synth 8-3917] design design_4_adpt_out_0_0 has port led[5] driven by constant 1
INFO: [Synth 8-3917] design design_4_adpt_out_0_0 has port led[4] driven by constant 1
---------------------------------------------------------------------------------
Finished Cross Boundary and Area Optimization : Time (s): cpu = 00:00:17 ; elapsed = 00:01:08 . Memory (MB): peak = 1219.492 ; gain = 606.230
---------------------------------------------------------------------------------
---------------------------------------------------------------------------------
Start Applying XDC Timing Constraints
---------------------------------------------------------------------------------
---------------------------------------------------------------------------------
Finished Applying XDC Timing Constraints : Time (s): cpu = 00:00:23 ; elapsed = 00:01:17 . Memory (MB): peak = 1378.781 ; gain = 765.520
---------------------------------------------------------------------------------
---------------------------------------------------------------------------------
Start Timing Optimization
---------------------------------------------------------------------------------
---------------------------------------------------------------------------------
Finished Timing Optimization : Time (s): cpu = 00:00:23 ; elapsed = 00:01:17 . Memory (MB): peak = 1378.781 ; gain = 765.520
---------------------------------------------------------------------------------
---------------------------------------------------------------------------------
Start Technology Mapping
---------------------------------------------------------------------------------
---------------------------------------------------------------------------------
Finished Technology Mapping : Time (s): cpu = 00:00:23 ; elapsed = 00:01:17 . Memory (MB): peak = 1388.352 ; gain = 775.090
---------------------------------------------------------------------------------
---------------------------------------------------------------------------------
Start IO Insertion
---------------------------------------------------------------------------------
---------------------------------------------------------------------------------
Start Flattening Before IO Insertion
---------------------------------------------------------------------------------
---------------------------------------------------------------------------------
Finished Flattening Before IO Insertion
---------------------------------------------------------------------------------
---------------------------------------------------------------------------------
Start Final Netlist Cleanup
---------------------------------------------------------------------------------
---------------------------------------------------------------------------------
Finished Final Netlist Cleanup
---------------------------------------------------------------------------------
---------------------------------------------------------------------------------
Finished IO Insertion : Time (s): cpu = 00:00:29 ; elapsed = 00:01:26 . Memory (MB): peak = 1605.094 ; gain = 991.832
---------------------------------------------------------------------------------
---------------------------------------------------------------------------------
Start Renaming Generated Instances
---------------------------------------------------------------------------------
---------------------------------------------------------------------------------
Finished Renaming Generated Instances : Time (s): cpu = 00:00:29 ; elapsed = 00:01:26 . Memory (MB): peak = 1605.094 ; gain = 991.832
---------------------------------------------------------------------------------
---------------------------------------------------------------------------------
Start Rebuilding User Hierarchy
---------------------------------------------------------------------------------
---------------------------------------------------------------------------------
Finished Rebuilding User Hierarchy : Time (s): cpu = 00:00:29 ; elapsed = 00:01:26 . Memory (MB): peak = 1605.094 ; gain = 991.832
---------------------------------------------------------------------------------
---------------------------------------------------------------------------------
Start Renaming Generated Ports
---------------------------------------------------------------------------------
---------------------------------------------------------------------------------
Finished Renaming Generated Ports : Time (s): cpu = 00:00:29 ; elapsed = 00:01:26 . Memory (MB): peak = 1605.094 ; gain = 991.832
---------------------------------------------------------------------------------
---------------------------------------------------------------------------------
Start Handling Custom Attributes
---------------------------------------------------------------------------------
---------------------------------------------------------------------------------
Finished Handling Custom Attributes : Time (s): cpu = 00:00:29 ; elapsed = 00:01:26 . Memory (MB): peak = 1605.094 ; gain = 991.832
---------------------------------------------------------------------------------
---------------------------------------------------------------------------------
Start Renaming Generated Nets
---------------------------------------------------------------------------------
---------------------------------------------------------------------------------
Finished Renaming Generated Nets : Time (s): cpu = 00:00:29 ; elapsed = 00:01:26 . Memory (MB): peak = 1605.094 ; gain = 991.832
---------------------------------------------------------------------------------
---------------------------------------------------------------------------------
Start Writing Synthesis Report
---------------------------------------------------------------------------------

Report BlackBoxes: 
+-+--------------+----------+
| |BlackBox name |Instances |
+-+--------------+----------+
+-+--------------+----------+

Report Cell Usage: 
+------+-----+------+
|      |Cell |Count |
+------+-----+------+
|1     |LUT1 |     4|
+------+-----+------+
---------------------------------------------------------------------------------
Finished Writing Synthesis Report : Time (s): cpu = 00:00:29 ; elapsed = 00:01:26 . Memory (MB): peak = 1605.094 ; gain = 991.832
---------------------------------------------------------------------------------
Synthesis finished with 0 errors, 0 critical warnings and 1 warnings.
Synthesis Optimization Runtime : Time (s): cpu = 00:00:20 ; elapsed = 00:01:08 . Memory (MB): peak = 1605.094 ; gain = 987.754
Synthesis Optimization Complete : Time (s): cpu = 00:00:29 ; elapsed = 00:01:26 . Memory (MB): peak = 1605.094 ; gain = 991.832
INFO: [Project 1-571] Translating synthesized netlist
Netlist sorting complete. Time (s): cpu = 00:00:00 ; elapsed = 00:00:00 . Memory (MB): peak = 1614.246 ; gain = 0.000
INFO: [Project 1-570] Preparing netlist for logic optimization
INFO: [Opt 31-138] Pushed 0 inverter(s) to 0 load pin(s).
Netlist sorting complete. Time (s): cpu = 00:00:00 ; elapsed = 00:00:00 . Memory (MB): peak = 1617.895 ; gain = 0.000
INFO: [Project 1-111] Unisim Transformation Summary:
No Unisim elements were transformed.

Synth Design complete | Checksum: 55152f80
INFO: [Common 17-83] Releasing license: Synthesis
48 Infos, 1 Warnings, 0 Critical Warnings and 0 Errors encountered.
synth_design completed successfully
synth_design: Time (s): cpu = 00:00:31 ; elapsed = 00:01:43 . Memory (MB): peak = 1617.895 ; gain = 1233.543
INFO: [Common 17-1381] The checkpoint 'D:/lab4_4/design_4_adpt_out_0_0_synth_1/design_4_adpt_out_0_0.dcp' has been generated.
write_checkpoint: Time (s): cpu = 00:00:00 ; elapsed = 00:00:13 . Memory (MB): peak = 1617.895 ; gain = 0.000
INFO: [Vivado 12-24828] Executing command : report_utilization -file design_4_adpt_out_0_0_utilization_synth.rpt -pb design_4_adpt_out_0_0_utilization_synth.pb
INFO: [Common 17-206] Exiting Vivado at Sat Mar  8 17:21:28 2025...
