
*** Running vivado
    with args -log design_4_adpt_in_0_0.vds -m64 -product Vivado -mode batch -messageDb vivado.pb -notrace -source design_4_adpt_in_0_0.tcl



****** Vivado v2024.2 (64-bit)
  **** SW Build 5239630 on Fri Nov 08 22:35:27 MST 2024
  **** IP Build 5239520 on Sun Nov 10 16:12:51 MST 2024
  **** SharedData Build 5239561 on Fri Nov 08 14:39:27 MST 2024
  **** Start of session at: Tue Mar 11 14:56:02 2025
    ** Copyright 1986-2022 Xilinx, Inc. All Rights Reserved.
    ** Copyright 2022-2024 Advanced Micro Devices, Inc. All Rights Reserved.

source design_4_adpt_in_0_0.tcl -notrace
INFO: [IP_Flow 19-234] Refreshing IP repositories
INFO: [IP_Flow 19-1700] Loaded user IP repository 'd:/ip_repo/ip_repo'.
INFO: [IP_Flow 19-2313] Loaded Vivado IP repository 'D:/Vivado/2024.2/data/ip'.
Command: synth_design -top design_4_adpt_in_0_0 -part xc7z020clg400-1 -incremental_mode off -mode out_of_context
Starting synth_design
Attempting to get a license for feature 'Synthesis' and/or device 'xc7z020'
INFO: [Common 17-349] Got license for feature 'Synthesis' and/or device 'xc7z020'
INFO: [Device 21-403] Loading part xc7z020clg400-1
INFO: [Synth 8-7079] Multithreading enabled for synth_design using a maximum of 2 processes.
INFO: [Synth 8-7078] Launching helper process for spawning children vivado processes
INFO: [Synth 8-7075] Helper process launched with PID 24440
---------------------------------------------------------------------------------
Starting RTL Elaboration : Time (s): cpu = 00:00:04 ; elapsed = 00:00:06 . Memory (MB): peak = 1083.027 ; gain = 467.109
---------------------------------------------------------------------------------
INFO: [Synth 8-6157] synthesizing module 'design_4_adpt_in_0_0' [d:/lab4/design_4/ip/design_4_adpt_in_0_0/synth/design_4_adpt_in_0_0.v:53]
INFO: [Synth 8-6157] synthesizing module 'adpt_in' [D:/lab4/exp3_source.v:1]
INFO: [Synth 8-6155] done synthesizing module 'adpt_in' (0#1) [D:/lab4/exp3_source.v:1]
INFO: [Synth 8-6155] done synthesizing module 'design_4_adpt_in_0_0' (0#1) [d:/lab4/design_4/ip/design_4_adpt_in_0_0/synth/design_4_adpt_in_0_0.v:53]
WARNING: [Synth 8-7129] Port sw_a[31] in module adpt_in is either unconnected or has no load
WARNING: [Synth 8-7129] Port sw_a[30] in module adpt_in is either unconnected or has no load
WARNING: [Synth 8-7129] Port sw_a[29] in module adpt_in is either unconnected or has no load
WARNING: [Synth 8-7129] Port sw_a[28] in module adpt_in is either unconnected or has no load
WARNING: [Synth 8-7129] Port sw_a[27] in module adpt_in is either unconnected or has no load
WARNING: [Synth 8-7129] Port sw_a[26] in module adpt_in is either unconnected or has no load
WARNING: [Synth 8-7129] Port sw_a[25] in module adpt_in is either unconnected or has no load
WARNING: [Synth 8-7129] Port sw_a[24] in module adpt_in is either unconnected or has no load
WARNING: [Synth 8-7129] Port sw_a[23] in module adpt_in is either unconnected or has no load
WARNING: [Synth 8-7129] Port sw_a[22] in module adpt_in is either unconnected or has no load
WARNING: [Synth 8-7129] Port sw_a[21] in module adpt_in is either unconnected or has no load
WARNING: [Synth 8-7129] Port sw_a[20] in module adpt_in is either unconnected or has no load
WARNING: [Synth 8-7129] Port sw_a[19] in module adpt_in is either unconnected or has no load
WARNING: [Synth 8-7129] Port sw_a[18] in module adpt_in is either unconnected or has no load
WARNING: [Synth 8-7129] Port sw_a[17] in module adpt_in is either unconnected or has no load
---------------------------------------------------------------------------------
Finished RTL Elaboration : Time (s): cpu = 00:00:04 ; elapsed = 00:00:09 . Memory (MB): peak = 1192.984 ; gain = 577.066
---------------------------------------------------------------------------------
---------------------------------------------------------------------------------
Start Handling Custom Attributes
---------------------------------------------------------------------------------
---------------------------------------------------------------------------------
Finished Handling Custom Attributes : Time (s): cpu = 00:00:04 ; elapsed = 00:00:09 . Memory (MB): peak = 1192.984 ; gain = 577.066
---------------------------------------------------------------------------------
---------------------------------------------------------------------------------
Finished RTL Optimization Phase 1 : Time (s): cpu = 00:00:04 ; elapsed = 00:00:09 . Memory (MB): peak = 1192.984 ; gain = 577.066
---------------------------------------------------------------------------------
Netlist sorting complete. Time (s): cpu = 00:00:00 ; elapsed = 00:00:00 . Memory (MB): peak = 1192.984 ; gain = 0.000
INFO: [Project 1-570] Preparing netlist for logic optimization

Processing XDC Constraints
Initializing timing engine
Completed Processing XDC Constraints

Netlist sorting complete. Time (s): cpu = 00:00:00 ; elapsed = 00:00:00 . Memory (MB): peak = 1192.984 ; gain = 0.000
INFO: [Project 1-111] Unisim Transformation Summary:
No Unisim elements were transformed.

Constraint Validation Runtime : Time (s): cpu = 00:00:00 ; elapsed = 00:00:00.138 . Memory (MB): peak = 1192.984 ; gain = 0.000
INFO: [Designutils 20-5008] Incremental synthesis strategy off
---------------------------------------------------------------------------------
Finished Constraint Validation : Time (s): cpu = 00:00:07 ; elapsed = 00:00:18 . Memory (MB): peak = 1192.984 ; gain = 577.066
---------------------------------------------------------------------------------
---------------------------------------------------------------------------------
Start Loading Part and Timing Information
---------------------------------------------------------------------------------
Loading part: xc7z020clg400-1
---------------------------------------------------------------------------------
Finished Loading Part and Timing Information : Time (s): cpu = 00:00:07 ; elapsed = 00:00:18 . Memory (MB): peak = 1192.984 ; gain = 577.066
---------------------------------------------------------------------------------
---------------------------------------------------------------------------------
Start Applying 'set_property' XDC Constraints
---------------------------------------------------------------------------------
---------------------------------------------------------------------------------
Finished applying 'set_property' XDC Constraints : Time (s): cpu = 00:00:07 ; elapsed = 00:00:18 . Memory (MB): peak = 1192.984 ; gain = 577.066
---------------------------------------------------------------------------------
---------------------------------------------------------------------------------
Finished RTL Optimization Phase 2 : Time (s): cpu = 00:00:07 ; elapsed = 00:00:20 . Memory (MB): peak = 1192.984 ; gain = 577.066
---------------------------------------------------------------------------------
---------------------------------------------------------------------------------
Start RTL Component Statistics 
---------------------------------------------------------------------------------
Detailed RTL Component Info : 
---------------------------------------------------------------------------------
Finished RTL Component Statistics 
---------------------------------------------------------------------------------
---------------------------------------------------------------------------------
Start Part Resource Summary
---------------------------------------------------------------------------------
Part Resources:
DSPs: 220 (col length:60)
BRAMs: 280 (col length: RAMB18 60 RAMB36 30)
---------------------------------------------------------------------------------
Finished Part Resource Summary
---------------------------------------------------------------------------------
---------------------------------------------------------------------------------
Start Cross Boundary and Area Optimization
---------------------------------------------------------------------------------
WARNING: [Synth 8-7080] Parallel synthesis criteria is not met
WARNING: [Synth 8-7129] Port sw_a[31] in module design_4_adpt_in_0_0 is either unconnected or has no load
WARNING: [Synth 8-7129] Port sw_a[30] in module design_4_adpt_in_0_0 is either unconnected or has no load
WARNING: [Synth 8-7129] Port sw_a[29] in module design_4_adpt_in_0_0 is either unconnected or has no load
WARNING: [Synth 8-7129] Port sw_a[28] in module design_4_adpt_in_0_0 is either unconnected or has no load
WARNING: [Synth 8-7129] Port sw_a[27] in module design_4_adpt_in_0_0 is either unconnected or has no load
WARNING: [Synth 8-7129] Port sw_a[26] in module design_4_adpt_in_0_0 is either unconnected or has no load
WARNING: [Synth 8-7129] Port sw_a[25] in module design_4_adpt_in_0_0 is either unconnected or has no load
WARNING: [Synth 8-7129] Port sw_a[24] in module design_4_adpt_in_0_0 is either unconnected or has no load
WARNING: [Synth 8-7129] Port sw_a[23] in module design_4_adpt_in_0_0 is either unconnected or has no load
WARNING: [Synth 8-7129] Port sw_a[22] in module design_4_adpt_in_0_0 is either unconnected or has no load
WARNING: [Synth 8-7129] Port sw_a[21] in module design_4_adpt_in_0_0 is either unconnected or has no load
WARNING: [Synth 8-7129] Port sw_a[20] in module design_4_adpt_in_0_0 is either unconnected or has no load
WARNING: [Synth 8-7129] Port sw_a[19] in module design_4_adpt_in_0_0 is either unconnected or has no load
WARNING: [Synth 8-7129] Port sw_a[18] in module design_4_adpt_in_0_0 is either unconnected or has no load
WARNING: [Synth 8-7129] Port sw_a[17] in module design_4_adpt_in_0_0 is either unconnected or has no load
---------------------------------------------------------------------------------
Finished Cross Boundary and Area Optimization : Time (s): cpu = 00:00:09 ; elapsed = 00:00:21 . Memory (MB): peak = 1208.672 ; gain = 592.754
---------------------------------------------------------------------------------
---------------------------------------------------------------------------------
Start Applying XDC Timing Constraints
---------------------------------------------------------------------------------
---------------------------------------------------------------------------------
Finished Applying XDC Timing Constraints : Time (s): cpu = 00:00:13 ; elapsed = 00:00:28 . Memory (MB): peak = 1373.188 ; gain = 757.270
---------------------------------------------------------------------------------
---------------------------------------------------------------------------------
Start Timing Optimization
---------------------------------------------------------------------------------
---------------------------------------------------------------------------------
Finished Timing Optimization : Time (s): cpu = 00:00:13 ; elapsed = 00:00:28 . Memory (MB): peak = 1373.188 ; gain = 757.270
---------------------------------------------------------------------------------
---------------------------------------------------------------------------------
Start Technology Mapping
---------------------------------------------------------------------------------
---------------------------------------------------------------------------------
Finished Technology Mapping : Time (s): cpu = 00:00:13 ; elapsed = 00:00:28 . Memory (MB): peak = 1382.754 ; gain = 766.836
---------------------------------------------------------------------------------
---------------------------------------------------------------------------------
Start IO Insertion
---------------------------------------------------------------------------------
---------------------------------------------------------------------------------
Start Flattening Before IO Insertion
---------------------------------------------------------------------------------
---------------------------------------------------------------------------------
Finished Flattening Before IO Insertion
---------------------------------------------------------------------------------
---------------------------------------------------------------------------------
Start Final Netlist Cleanup
---------------------------------------------------------------------------------
---------------------------------------------------------------------------------
Finished Final Netlist Cleanup
---------------------------------------------------------------------------------
---------------------------------------------------------------------------------
Finished IO Insertion : Time (s): cpu = 00:00:16 ; elapsed = 00:00:32 . Memory (MB): peak = 1599.859 ; gain = 983.941
---------------------------------------------------------------------------------
---------------------------------------------------------------------------------
Start Renaming Generated Instances
---------------------------------------------------------------------------------
---------------------------------------------------------------------------------
Finished Renaming Generated Instances : Time (s): cpu = 00:00:16 ; elapsed = 00:00:32 . Memory (MB): peak = 1599.859 ; gain = 983.941
---------------------------------------------------------------------------------
---------------------------------------------------------------------------------
Start Rebuilding User Hierarchy
---------------------------------------------------------------------------------
---------------------------------------------------------------------------------
Finished Rebuilding User Hierarchy : Time (s): cpu = 00:00:16 ; elapsed = 00:00:32 . Memory (MB): peak = 1599.859 ; gain = 983.941
---------------------------------------------------------------------------------
---------------------------------------------------------------------------------
Start Renaming Generated Ports
---------------------------------------------------------------------------------
---------------------------------------------------------------------------------
Finished Renaming Generated Ports : Time (s): cpu = 00:00:16 ; elapsed = 00:00:32 . Memory (MB): peak = 1599.859 ; gain = 983.941
---------------------------------------------------------------------------------
---------------------------------------------------------------------------------
Start Handling Custom Attributes
---------------------------------------------------------------------------------
---------------------------------------------------------------------------------
Finished Handling Custom Attributes : Time (s): cpu = 00:00:16 ; elapsed = 00:00:32 . Memory (MB): peak = 1599.859 ; gain = 983.941
---------------------------------------------------------------------------------
---------------------------------------------------------------------------------
Start Renaming Generated Nets
---------------------------------------------------------------------------------
---------------------------------------------------------------------------------
Finished Renaming Generated Nets : Time (s): cpu = 00:00:16 ; elapsed = 00:00:32 . Memory (MB): peak = 1599.859 ; gain = 983.941
---------------------------------------------------------------------------------
---------------------------------------------------------------------------------
Start Writing Synthesis Report
---------------------------------------------------------------------------------

Report BlackBoxes: 
+-+--------------+----------+
| |BlackBox name |Instances |
+-+--------------+----------+
+-+--------------+----------+

Report Cell Usage: 
+------+-----+------+
|      |Cell |Count |
+------+-----+------+
|1     |LUT1 |    17|
+------+-----+------+
---------------------------------------------------------------------------------
Finished Writing Synthesis Report : Time (s): cpu = 00:00:16 ; elapsed = 00:00:32 . Memory (MB): peak = 1599.859 ; gain = 983.941
---------------------------------------------------------------------------------
Synthesis finished with 0 errors, 0 critical warnings and 16 warnings.
Synthesis Optimization Runtime : Time (s): cpu = 00:00:11 ; elapsed = 00:00:30 . Memory (MB): peak = 1599.859 ; gain = 983.941
Synthesis Optimization Complete : Time (s): cpu = 00:00:16 ; elapsed = 00:00:32 . Memory (MB): peak = 1599.859 ; gain = 983.941
INFO: [Project 1-571] Translating synthesized netlist
Netlist sorting complete. Time (s): cpu = 00:00:00 ; elapsed = 00:00:00 . Memory (MB): peak = 1599.859 ; gain = 0.000
INFO: [Project 1-570] Preparing netlist for logic optimization
INFO: [Opt 31-138] Pushed 0 inverter(s) to 0 load pin(s).
Netlist sorting complete. Time (s): cpu = 00:00:00 ; elapsed = 00:00:00 . Memory (MB): peak = 1601.129 ; gain = 0.000
INFO: [Project 1-111] Unisim Transformation Summary:
No Unisim elements were transformed.

Synth Design complete | Checksum: 8f2d17c8
INFO: [Common 17-83] Releasing license: Synthesis
20 Infos, 31 Warnings, 0 Critical Warnings and 0 Errors encountered.
synth_design completed successfully
synth_design: Time (s): cpu = 00:00:18 ; elapsed = 00:00:39 . Memory (MB): peak = 1601.129 ; gain = 1215.598
INFO: [Common 17-1381] The checkpoint 'D:/lab4_plus/design_4_adpt_in_0_0_synth_1/design_4_adpt_in_0_0.dcp' has been generated.
INFO: [Vivado 12-24828] Executing command : report_utilization -file design_4_adpt_in_0_0_utilization_synth.rpt -pb design_4_adpt_in_0_0_utilization_synth.pb
INFO: [Common 17-206] Exiting Vivado at Tue Mar 11 14:56:48 2025...
